
Showing logs for build [32mmeta-danielma911-environment-li-5p7tm-1[0m stage [32mmeta-pipeline[0m and container [32mstep-credential-initializer-2nb8r[0m
{"level":"warn","ts":1567330760.1586065,"logger":"fallback-logger","caller":"logging/config.go:69","msg":"Fetch GitHub commit ID from kodata failed: \"ref: refs/heads/master\" is not a valid GitHub commit ID"}
{"level":"info","ts":1567330760.159074,"logger":"fallback-logger","caller":"creds-init/main.go:40","msg":"Credentials initialized."}

Showing logs for build [32mmeta-danielma911-environment-li-5p7tm-1[0m stage [32mmeta-pipeline[0m and container [32mstep-working-dir-initializer-d8q92[0m
{"level":"warn","ts":1567330761.6899133,"logger":"fallback-logger","caller":"logging/config.go:69","msg":"Fetch GitHub commit ID from kodata failed: open /var/run/ko/HEAD: no such file or directory"}
{"level":"info","ts":1567330761.6912796,"logger":"fallback-logger","caller":"bash/main.go:65","msg":"Successfully executed command \"mkdir -p /workspace/source\""}

Showing logs for build [32mmeta-danielma911-environment-li-5p7tm-1[0m stage [32mmeta-pipeline[0m and container [32mstep-place-tools[0m

Showing logs for build [32mmeta-danielma911-environment-li-5p7tm-1[0m stage [32mmeta-pipeline[0m and container [32mstep-git-source-meta-danielma911-environment-li-fkf78[0m
{"level":"warn","ts":1567330767.6990144,"logger":"fallback-logger","caller":"logging/config.go:69","msg":"Fetch GitHub commit ID from kodata failed: \"ref: refs/heads/master\" is not a valid GitHub commit ID"}
{"level":"info","ts":1567330768.2721422,"logger":"fallback-logger","caller":"git/git.go:102","msg":"Successfully cloned https://github.com/***********/environment-lighterspectrum-staging.git @ ba777d957cf52ae4ea5020a6a585ecc955d7eeaf in path /workspace/source"}

Showing logs for build [32mmeta-danielma911-environment-li-5p7tm-1[0m stage [32mmeta-pipeline[0m and container [32mstep-git-merge[0m
Using SHAs from PULL_REFS=master:ba777d957cf52ae4ea5020a6a585ecc955d7eeaf,2:bc34beb2cc6cba222ed929c29bc0618145c0bdb1
DEBUG: ran git fetch --unshallow origin bc34beb2cc6cba222ed929c29bc0618145c0bdb1: ba777d957cf52ae4ea5020a6a585ecc955d7eeaf: in 
DEBUG: ran git checkout master in 
DEBUG: ran git reset --hard ba777d957cf52ae4ea5020a6a585ecc955d7eeaf in 
DEBUG: ran clean --force -d . in 
DEBUG: ran git merge bc34beb2cc6cba222ed929c29bc0618145c0bdb1 in 
Merged SHA bc34beb2cc6cba222ed929c29bc0618145c0bdb1 with commit message 'chore: Promote sunday-daniel to version 0.0.2' into base branch master

Showing logs for build [32mmeta-danielma911-environment-li-5p7tm-1[0m stage [32mmeta-pipeline[0m and container [32mstep-merge-pull-refs[0m
DEBUG: ran git fetch origin bc34beb2cc6cba222ed929c29bc0618145c0bdb1: ba777d957cf52ae4ea5020a6a585ecc955d7eeaf: in 
DEBUG: Unshallowed git repo in 
DEBUG: ran git checkout master in 
DEBUG: ran git reset --hard ba777d957cf52ae4ea5020a6a585ecc955d7eeaf in 
DEBUG: ran clean --force -d . in 
DEBUG: ran git merge bc34beb2cc6cba222ed929c29bc0618145c0bdb1 in 
Merged SHA bc34beb2cc6cba222ed929c29bc0618145c0bdb1 with commit message 'chore: Promote sunday-daniel to version 0.0.2' into base branch master

Showing logs for build [32mmeta-danielma911-environment-li-5p7tm-1[0m stage [32mmeta-pipeline[0m and container [32mstep-create-effective-pipeline[0m
Deleting and cloning the Jenkins X versions repo
Cloning the Jenkins X versions repo https://github.com/jenkins-x/jenkins-x-versions.git with ref refs/heads/master to /builder/home/.**/jenkins-x-versions
selected pack: /builder/home/.**/draft/packs/github.com/jenkins-x-buildpacks/jenkins-x-kubernetes/packs/environment
Effective pipeline written to jenkins-x-promotion-build-effective.yml

Showing logs for build [32mmeta-danielma911-environment-li-5p7tm-1[0m stage [32mmeta-pipeline[0m and container [32mstep-create-tekton-crds[0m
PipelineActivity for ***********-environment-lighterspectrum-staging-PR-2-1
Applying changes 
upserted PipelineResource ***********-environment-lighter for the git repository https://github.com/***********/environment-lighterspectrum-staging.git
upserted Task ***********-environment-lighter-nzn8g-from-build-pack-1
upserted Pipeline ***********-environment-lighter-nzn8g-1
created PipelineRun ***********-environment-lighter-nzn8g-1
created PipelineStructure ***********-environment-lighter-nzn8g-1

waiting for stage [32mfrom-build-pack[0m : container [32mstep-credential-initializer-8vnjc[0m to start...


Showing logs for build [32mmeta-danielma911-environment-li-5p7tm-1[0m stage [32mfrom-build-pack[0m and container [32mstep-credential-initializer-8vnjc[0m
{"level":"warn","ts":1567330781.9068787,"logger":"fallback-logger","caller":"logging/config.go:69","msg":"Fetch GitHub commit ID from kodata failed: \"ref: refs/heads/master\" is not a valid GitHub commit ID"}
{"level":"info","ts":1567330781.9072955,"logger":"fallback-logger","caller":"creds-init/main.go:40","msg":"Credentials initialized."}

waiting for stage [32mfrom-build-pack[0m : container [32mstep-working-dir-initializer-xqcdw[0m to start...


Showing logs for build [32mmeta-danielma911-environment-li-5p7tm-1[0m stage [32mfrom-build-pack[0m and container [32mstep-working-dir-initializer-xqcdw[0m
{"level":"warn","ts":1567330782.9980903,"logger":"fallback-logger","caller":"logging/config.go:69","msg":"Fetch GitHub commit ID from kodata failed: open /var/run/ko/HEAD: no such file or directory"}
{"level":"info","ts":1567330782.9996796,"logger":"fallback-logger","caller":"bash/main.go:65","msg":"Successfully executed command \"mkdir -p /workspace/source /workspace/source/env\""}

waiting for stage [32mfrom-build-pack[0m : container [32mstep-place-tools[0m to start...


Showing logs for build [32mmeta-danielma911-environment-li-5p7tm-1[0m stage [32mfrom-build-pack[0m and container [32mstep-place-tools[0m

waiting for stage [32mfrom-build-pack[0m : container [32mstep-git-source-danielma911-environment-lighter-5lhnz[0m to start...


Showing logs for build [32mmeta-danielma911-environment-li-5p7tm-1[0m stage [32mfrom-build-pack[0m and container [32mstep-git-source-danielma911-environment-lighter-5lhnz[0m
{"level":"warn","ts":1567330788.07455,"logger":"fallback-logger","caller":"logging/config.go:69","msg":"Fetch GitHub commit ID from kodata failed: \"ref: refs/heads/master\" is not a valid GitHub commit ID"}
{"level":"info","ts":1567330788.8283932,"logger":"fallback-logger","caller":"git/git.go:102","msg":"Successfully cloned https://github.com/***********/environment-lighterspectrum-staging.git @ master in path /workspace/source"}

waiting for stage [32mfrom-build-pack[0m : container [32mstep-git-merge[0m to start...


Showing logs for build [32mmeta-danielma911-environment-li-5p7tm-1[0m stage [32mfrom-build-pack[0m and container [32mstep-git-merge[0m
Using SHAs from PULL_REFS=master:ba777d957cf52ae4ea5020a6a585ecc955d7eeaf,2:bc34beb2cc6cba222ed929c29bc0618145c0bdb1
DEBUG: ran git fetch --unshallow origin bc34beb2cc6cba222ed929c29bc0618145c0bdb1: ba777d957cf52ae4ea5020a6a585ecc955d7eeaf: in 
DEBUG: ran git checkout master in 
DEBUG: ran git reset --hard ba777d957cf52ae4ea5020a6a585ecc955d7eeaf in 
DEBUG: ran clean --force -d . in 
DEBUG: ran git merge bc34beb2cc6cba222ed929c29bc0618145c0bdb1 in 
Merged SHA bc34beb2cc6cba222ed929c29bc0618145c0bdb1 with commit message 'chore: Promote sunday-daniel to version 0.0.2' into base branch master

waiting for stage [32mfrom-build-pack[0m : container [32mstep-build-helm-build[0m to start...


Showing logs for build [32mmeta-danielma911-environment-li-5p7tm-1[0m stage [32mfrom-build-pack[0m and container [32mstep-build-helm-build[0m
WARNING: No $CHART_REPOSITORY defined so using the default value of: http://jenkins-x-chartmuseum:8080
Adding missing Helm repo: storage.googleapis.com https://storage.googleapis.com/chartmuseum.jenkins-x.io
Successfully added Helm repository storage.googleapis.com.
Adding missing Helm repo: jenkins-x-chartmuseum http://jenkins-x-chartmuseum:8080
Successfully added Helm repository jenkins-x-chartmuseum.
WARNING: No $CHART_REPOSITORY defined so using the default value of: http://jenkins-x-chartmuseum:8080
Adding missing Helm repo: chartmuseum.jenkins-x.io http://chartmuseum.jenkins-x.io
Successfully added Helm repository chartmuseum.jenkins-x.io.
