
Showing logs for build [32mmeta-danielma911-environment-li-hz64m-2[0m stage [32mmeta-pipeline[0m and container [32mstep-credential-initializer-64wql[0m
{"level":"warn","ts":1567330805.768374,"logger":"fallback-logger","caller":"logging/config.go:69","msg":"Fetch GitHub commit ID from kodata failed: \"ref: refs/heads/master\" is not a valid GitHub commit ID"}
{"level":"info","ts":1567330805.7687287,"logger":"fallback-logger","caller":"creds-init/main.go:40","msg":"Credentials initialized."}

Showing logs for build [32mmeta-danielma911-environment-li-hz64m-2[0m stage [32mmeta-pipeline[0m and container [32mstep-working-dir-initializer-nncj2[0m
{"level":"warn","ts":1567330806.6874545,"logger":"fallback-logger","caller":"logging/config.go:69","msg":"Fetch GitHub commit ID from kodata failed: open /var/run/ko/HEAD: no such file or directory"}
{"level":"info","ts":1567330806.6889648,"logger":"fallback-logger","caller":"bash/main.go:65","msg":"Successfully executed command \"mkdir -p /workspace/source\""}

Showing logs for build [32mmeta-danielma911-environment-li-hz64m-2[0m stage [32mmeta-pipeline[0m and container [32mstep-place-tools[0m

Showing logs for build [32mmeta-danielma911-environment-li-hz64m-2[0m stage [32mmeta-pipeline[0m and container [32mstep-git-source-meta-danielma911-environment-li-ghdxg[0m
{"level":"warn","ts":1567330812.7947922,"logger":"fallback-logger","caller":"logging/config.go:69","msg":"Fetch GitHub commit ID from kodata failed: \"ref: refs/heads/master\" is not a valid GitHub commit ID"}
{"level":"info","ts":1567330813.3629472,"logger":"fallback-logger","caller":"git/git.go:102","msg":"Successfully cloned https://github.com/***********/environment-lighterspectrum-staging.git @ 82f0c2f6fb618e31201f33b892f201b094eee1f2 in path /workspace/source"}

Showing logs for build [32mmeta-danielma911-environment-li-hz64m-2[0m stage [32mmeta-pipeline[0m and container [32mstep-git-merge[0m
Using SHAs from PULL_REFS=master:82f0c2f6fb618e31201f33b892f201b094eee1f2
WARNING: no SHAs to merge, falling back to initial cloned commit

Showing logs for build [32mmeta-danielma911-environment-li-hz64m-2[0m stage [32mmeta-pipeline[0m and container [32mstep-merge-pull-refs[0m
SKIP merge-pull-refs: Nothing to merge

Showing logs for build [32mmeta-danielma911-environment-li-hz64m-2[0m stage [32mmeta-pipeline[0m and container [32mstep-create-effective-pipeline[0m
Deleting and cloning the Jenkins X versions repo
Cloning the Jenkins X versions repo https://github.com/jenkins-x/jenkins-x-versions.git with ref refs/heads/master to /builder/home/.**/jenkins-x-versions
selected pack: /builder/home/.**/draft/packs/github.com/jenkins-x-buildpacks/jenkins-x-kubernetes/packs/environment
Effective pipeline written to jenkins-x-promotion-effective.yml

Showing logs for build [32mmeta-danielma911-environment-li-hz64m-2[0m stage [32mmeta-pipeline[0m and container [32mstep-create-tekton-crds[0m
running command: ** step next-version --use-git-tag-only --tag
created new version: 0.0.2 and written to file: ./VERSION
Tag v0.0.2 created and pushed to remote origin

PipelineActivity for ***********-environment-lighterspectrum-staging-master-2
Applying changes 
upserted PipelineResource ***********-environment-lighter for the git repository https://github.com/***********/environment-lighterspectrum-staging.git
upserted Task ***********-environment-lighter-6k2h4-from-build-pack-2
upserted Pipeline ***********-environment-lighter-6k2h4-2
created PipelineRun ***********-environment-lighter-6k2h4-2
created PipelineStructure ***********-environment-lighter-6k2h4-2

Showing logs for build [32mmeta-danielma911-environment-li-hz64m-2[0m stage [32mfrom-build-pack[0m and container [32mstep-credential-initializer-qb4hz[0m
{"level":"warn","ts":1567330827.859517,"logger":"fallback-logger","caller":"logging/config.go:69","msg":"Fetch GitHub commit ID from kodata failed: \"ref: refs/heads/master\" is not a valid GitHub commit ID"}
{"level":"info","ts":1567330827.8598442,"logger":"fallback-logger","caller":"creds-init/main.go:40","msg":"Credentials initialized."}

Showing logs for build [32mmeta-danielma911-environment-li-hz64m-2[0m stage [32mfrom-build-pack[0m and container [32mstep-working-dir-initializer-w8w7b[0m
{"level":"warn","ts":1567330828.6466424,"logger":"fallback-logger","caller":"logging/config.go:69","msg":"Fetch GitHub commit ID from kodata failed: open /var/run/ko/HEAD: no such file or directory"}
{"level":"info","ts":1567330828.6481354,"logger":"fallback-logger","caller":"bash/main.go:65","msg":"Successfully executed command \"mkdir -p /workspace/source /workspace/source/env\""}

Showing logs for build [32mmeta-danielma911-environment-li-hz64m-2[0m stage [32mfrom-build-pack[0m and container [32mstep-place-tools[0m

waiting for stage [32mfrom-build-pack[0m : container [32mstep-git-source-danielma911-environment-lighter-h2796[0m to start...


Showing logs for build [32mmeta-danielma911-environment-li-hz64m-2[0m stage [32mfrom-build-pack[0m and container [32mstep-git-source-danielma911-environment-lighter-h2796[0m
{"level":"warn","ts":1567330833.7219493,"logger":"fallback-logger","caller":"logging/config.go:69","msg":"Fetch GitHub commit ID from kodata failed: \"ref: refs/heads/master\" is not a valid GitHub commit ID"}
{"level":"info","ts":1567330834.3016074,"logger":"fallback-logger","caller":"git/git.go:102","msg":"Successfully cloned https://github.com/***********/environment-lighterspectrum-staging.git @ v0.0.2 in path /workspace/source"}

waiting for stage [32mfrom-build-pack[0m : container [32mstep-git-merge[0m to start...


Showing logs for build [32mmeta-danielma911-environment-li-hz64m-2[0m stage [32mfrom-build-pack[0m and container [32mstep-git-merge[0m
Using SHAs from PULL_REFS=master:82f0c2f6fb618e31201f33b892f201b094eee1f2
WARNING: no SHAs to merge, falling back to initial cloned commit

waiting for stage [32mfrom-build-pack[0m : container [32mstep-setup-jx-git-credentials[0m to start...


Showing logs for build [32mmeta-danielma911-environment-li-hz64m-2[0m stage [32mfrom-build-pack[0m and container [32mstep-setup-jx-git-credentials[0m
Generated Git credentials file /builder/home/git/credentials

waiting for stage [32mfrom-build-pack[0m : container [32mstep-build-helm-apply[0m to start...


Showing logs for build [32mmeta-danielma911-environment-li-hz64m-2[0m stage [32mfrom-build-pack[0m and container [32mstep-build-helm-apply[0m
Modified file /workspace/source/env/Chart.yaml to set the chart to version 2
Copying the helm source directory /workspace/source/env to a temporary location for building and applying /tmp/**-helm-apply-093495382/env
Applying helm chart at /tmp/**-helm-apply-093495382/env as release name ** to namespace **-staging
verifying the helm requirements versions in dir: . using version stream URL:  and git ref: 
Deleting and cloning the Jenkins X versions repo
Cloning the Jenkins X versions repo https://github.com/jenkins-x/jenkins-x-versions.git with ref refs/heads/master to /builder/home/.**/jenkins-x-versions
Ignoring templates/.gitignore
Wrote chart values.yaml /tmp/**-helm-apply-093495382/env/values.yaml generated from directory tree
generated helm /tmp/**-helm-apply-093495382/env/values.yaml

PipelineSecrets:
  DockerConfig: '{"auths":{"foenebula.azurecr.io":{"auth":"Zm9lbmVidWxhOitQRHV1Nmx4Zndzc0ZRYm9sclF1dzA1VGE5QURJQ3hv"}}}'
cleanup:
  Annotations:
    helm.sh/hook: pre-delete
    helm.sh/hook-delete-policy: hook-succeeded
  Args:
  - --cleanup
controllerbuild:
  enabled: true
controllerworkflow:
  enabled: false
dockerRegistry: foenebula.azurecr.io
expose:
  Annotations:
    helm.sh/hook: post-install,post-upgrade
    helm.sh/hook-delete-policy: hook-succeeded
  Args:
  - --v
  - 4
  config:
    domain: 40.118.244.106.nip.io
    exposer: Ingress
    http: "true"
jenkins:
  Servers:
    Global:
      EnvVars:
        TILLER_NAMESPACE: kube-system
  enabled: false
prow: {}

Using values files: /tmp/**-helm-apply-093495382/env/values.yaml
WARNING: No $CHART_REPOSITORY defined so using the default value of: http://jenkins-x-chartmuseum:8080
Adding missing Helm repo: storage.googleapis.com https://storage.googleapis.com/chartmuseum.jenkins-x.io
Successfully added Helm repository storage.googleapis.com.
Adding missing Helm repo: jenkins-x-chartmuseum http://jenkins-x-chartmuseum:8080
Successfully added Helm repository jenkins-x-chartmuseum.
WARNING: No $CHART_REPOSITORY defined so using the default value of: http://jenkins-x-chartmuseum:8080
Adding missing Helm repo: chartmuseum.jenkins-x.io http://chartmuseum.jenkins-x.io
Successfully added Helm repository chartmuseum.jenkins-x.io.
Applying Apps chart overrides
Applying chart overrides


