
Showing logs for build [32mdanielma911-environment-lighter-1[0m stage [32mmeta-pipeline[0m and container [32mstep-credential-initializer-ch672[0m
{"level":"warn","ts":1567327226.2828736,"logger":"fallback-logger","caller":"logging/config.go:69","msg":"Fetch GitHub commit ID from kodata failed: \"ref: refs/heads/master\" is not a valid GitHub commit ID"}
{"level":"info","ts":1567327226.2834532,"logger":"fallback-logger","caller":"creds-init/main.go:40","msg":"Credentials initialized."}

Showing logs for build [32mdanielma911-environment-lighter-1[0m stage [32mmeta-pipeline[0m and container [32mstep-working-dir-initializer-gw69s[0m
{"level":"warn","ts":1567327227.1724825,"logger":"fallback-logger","caller":"logging/config.go:69","msg":"Fetch GitHub commit ID from kodata failed: open /var/run/ko/HEAD: no such file or directory"}
{"level":"info","ts":1567327227.176369,"logger":"fallback-logger","caller":"bash/main.go:65","msg":"Successfully executed command \"mkdir -p /workspace/source\""}

Showing logs for build [32mdanielma911-environment-lighter-1[0m stage [32mmeta-pipeline[0m and container [32mstep-place-tools[0m

Showing logs for build [32mdanielma911-environment-lighter-1[0m stage [32mmeta-pipeline[0m and container [32mstep-git-source-meta-danielma911-environment-li-jmc5v[0m
{"level":"warn","ts":1567327233.2382317,"logger":"fallback-logger","caller":"logging/config.go:69","msg":"Fetch GitHub commit ID from kodata failed: \"ref: refs/heads/master\" is not a valid GitHub commit ID"}
{"level":"info","ts":1567327233.815971,"logger":"fallback-logger","caller":"git/git.go:102","msg":"Successfully cloned https://github.com/***********/environment-lighterspectrum-staging.git @ 26a0e71c15f1260963b45c5d44fdb19b902adf47 in path /workspace/source"}

Showing logs for build [32mdanielma911-environment-lighter-1[0m stage [32mmeta-pipeline[0m and container [32mstep-git-merge[0m
Using SHAs from PULL_REFS=master:26a0e71c15f1260963b45c5d44fdb19b902adf47,1:3f8f9aa365656503fea6d202a8e1b77a67e259ad
DEBUG: ran git fetch --unshallow origin 3f8f9aa365656503fea6d202a8e1b77a67e259ad: 26a0e71c15f1260963b45c5d44fdb19b902adf47: in 
DEBUG: ran git checkout master in 
DEBUG: ran git reset --hard 26a0e71c15f1260963b45c5d44fdb19b902adf47 in 
DEBUG: ran clean --force -d . in 
DEBUG: ran git merge 3f8f9aa365656503fea6d202a8e1b77a67e259ad in 
Merged SHA 3f8f9aa365656503fea6d202a8e1b77a67e259ad with commit message 'chore: Promote sunday-daniel to version 0.0.1' into base branch master

Showing logs for build [32mdanielma911-environment-lighter-1[0m stage [32mmeta-pipeline[0m and container [32mstep-merge-pull-refs[0m
DEBUG: ran git fetch origin 3f8f9aa365656503fea6d202a8e1b77a67e259ad: 26a0e71c15f1260963b45c5d44fdb19b902adf47: in 
DEBUG: Unshallowed git repo in 
DEBUG: ran git checkout master in 
DEBUG: ran git reset --hard 26a0e71c15f1260963b45c5d44fdb19b902adf47 in 
DEBUG: ran clean --force -d . in 
DEBUG: ran git merge 3f8f9aa365656503fea6d202a8e1b77a67e259ad in 
Merged SHA 3f8f9aa365656503fea6d202a8e1b77a67e259ad with commit message 'chore: Promote sunday-daniel to version 0.0.1' into base branch master

Showing logs for build [32mdanielma911-environment-lighter-1[0m stage [32mmeta-pipeline[0m and container [32mstep-create-effective-pipeline[0m
Deleting and cloning the Jenkins X versions repo
Cloning the Jenkins X versions repo https://github.com/jenkins-x/jenkins-x-versions.git with ref refs/heads/master to /builder/home/.**/jenkins-x-versions
selected pack: /builder/home/.**/draft/packs/github.com/jenkins-x-buildpacks/jenkins-x-kubernetes/packs/environment
Effective pipeline written to jenkins-x-promotion-build-effective.yml

Showing logs for build [32mdanielma911-environment-lighter-1[0m stage [32mmeta-pipeline[0m and container [32mstep-create-tekton-crds[0m
PipelineActivity for ***********-environment-lighterspectrum-staging-PR-1-1
Applying changes 
upserted PipelineResource ***********-environment-lighter for the git repository https://github.com/***********/environment-lighterspectrum-staging.git
upserted Task ***********-environment-lighter-from-build-pack-1
upserted Pipeline ***********-environment-lighter-1
created PipelineRun ***********-environment-lighter-1
created PipelineStructure ***********-environment-lighter-1

Showing logs for build [32mdanielma911-environment-lighter-1[0m stage [32mfrom-build-pack[0m and container [32mstep-credential-initializer-6mx7w[0m
{"level":"warn","ts":1567327245.0724983,"logger":"fallback-logger","caller":"logging/config.go:69","msg":"Fetch GitHub commit ID from kodata failed: \"ref: refs/heads/master\" is not a valid GitHub commit ID"}
{"level":"info","ts":1567327245.0730438,"logger":"fallback-logger","caller":"creds-init/main.go:40","msg":"Credentials initialized."}

Showing logs for build [32mdanielma911-environment-lighter-1[0m stage [32mfrom-build-pack[0m and container [32mstep-working-dir-initializer-x7ckb[0m
{"level":"warn","ts":1567327246.5944417,"logger":"fallback-logger","caller":"logging/config.go:69","msg":"Fetch GitHub commit ID from kodata failed: open /var/run/ko/HEAD: no such file or directory"}
{"level":"info","ts":1567327246.5956519,"logger":"fallback-logger","caller":"bash/main.go:65","msg":"Successfully executed command \"mkdir -p /workspace/source /workspace/source/env\""}

Showing logs for build [32mdanielma911-environment-lighter-1[0m stage [32mfrom-build-pack[0m and container [32mstep-place-tools[0m

Showing logs for build [32mdanielma911-environment-lighter-1[0m stage [32mfrom-build-pack[0m and container [32mstep-git-source-danielma911-environment-lighter-92cwz[0m
{"level":"warn","ts":1567327251.6209266,"logger":"fallback-logger","caller":"logging/config.go:69","msg":"Fetch GitHub commit ID from kodata failed: \"ref: refs/heads/master\" is not a valid GitHub commit ID"}
{"level":"info","ts":1567327252.1426303,"logger":"fallback-logger","caller":"git/git.go:102","msg":"Successfully cloned https://github.com/***********/environment-lighterspectrum-staging.git @ master in path /workspace/source"}

Showing logs for build [32mdanielma911-environment-lighter-1[0m stage [32mfrom-build-pack[0m and container [32mstep-git-merge[0m
Using SHAs from PULL_REFS=master:26a0e71c15f1260963b45c5d44fdb19b902adf47,1:3f8f9aa365656503fea6d202a8e1b77a67e259ad
DEBUG: ran git fetch origin 3f8f9aa365656503fea6d202a8e1b77a67e259ad: 26a0e71c15f1260963b45c5d44fdb19b902adf47: in 
DEBUG: Unshallowed git repo in 
DEBUG: ran git checkout master in 
DEBUG: ran git reset --hard 26a0e71c15f1260963b45c5d44fdb19b902adf47 in 
DEBUG: ran clean --force -d . in 
DEBUG: ran git merge 3f8f9aa365656503fea6d202a8e1b77a67e259ad in 
Merged SHA 3f8f9aa365656503fea6d202a8e1b77a67e259ad with commit message 'chore: Promote sunday-daniel to version 0.0.1' into base branch master

Showing logs for build [32mdanielma911-environment-lighter-1[0m stage [32mfrom-build-pack[0m and container [32mstep-build-helm-build[0m
WARNING: No $CHART_REPOSITORY defined so using the default value of: http://jenkins-x-chartmuseum:8080
Adding missing Helm repo: storage.googleapis.com https://storage.googleapis.com/chartmuseum.jenkins-x.io
Successfully added Helm repository storage.googleapis.com.
Adding missing Helm repo: jenkins-x-chartmuseum http://jenkins-x-chartmuseum:8080
Successfully added Helm repository jenkins-x-chartmuseum.
WARNING: No $CHART_REPOSITORY defined so using the default value of: http://jenkins-x-chartmuseum:8080
Adding missing Helm repo: chartmuseum.jenkins-x.io http://chartmuseum.jenkins-x.io
Successfully added Helm repository chartmuseum.jenkins-x.io.
