
Showing logs for build [32mmeta-danielma911-environment-li-f29rj-1[0m stage [32mmeta-pipeline[0m and container [32mstep-credential-initializer-qql5h[0m
{"level":"warn","ts":1567332675.2435896,"logger":"fallback-logger","caller":"logging/config.go:69","msg":"Fetch GitHub commit ID from kodata failed: \"ref: refs/heads/master\" is not a valid GitHub commit ID"}
{"level":"info","ts":1567332675.2440033,"logger":"fallback-logger","caller":"creds-init/main.go:40","msg":"Credentials initialized."}

Showing logs for build [32mmeta-danielma911-environment-li-f29rj-1[0m stage [32mmeta-pipeline[0m and container [32mstep-working-dir-initializer-tsw2w[0m
{"level":"warn","ts":1567332676.3381245,"logger":"fallback-logger","caller":"logging/config.go:69","msg":"Fetch GitHub commit ID from kodata failed: open /var/run/ko/HEAD: no such file or directory"}
{"level":"info","ts":1567332676.3395176,"logger":"fallback-logger","caller":"bash/main.go:65","msg":"Successfully executed command \"mkdir -p /workspace/source\""}

Showing logs for build [32mmeta-danielma911-environment-li-f29rj-1[0m stage [32mmeta-pipeline[0m and container [32mstep-place-tools[0m

Showing logs for build [32mmeta-danielma911-environment-li-f29rj-1[0m stage [32mmeta-pipeline[0m and container [32mstep-git-source-meta-danielma911-environment-li-t298t[0m
{"level":"warn","ts":1567332682.4643514,"logger":"fallback-logger","caller":"logging/config.go:69","msg":"Fetch GitHub commit ID from kodata failed: \"ref: refs/heads/master\" is not a valid GitHub commit ID"}
{"level":"info","ts":1567332683.0389748,"logger":"fallback-logger","caller":"git/git.go:102","msg":"Successfully cloned https://github.com/***********/environment-lighterspectrum-staging.git @ 82f0c2f6fb618e31201f33b892f201b094eee1f2 in path /workspace/source"}

Showing logs for build [32mmeta-danielma911-environment-li-f29rj-1[0m stage [32mmeta-pipeline[0m and container [32mstep-git-merge[0m
Using SHAs from PULL_REFS=master:82f0c2f6fb618e31201f33b892f201b094eee1f2,3:78c78c06aeebaa7c42dc6ddc957e14a3d2050be0
DEBUG: ran git fetch --unshallow origin 78c78c06aeebaa7c42dc6ddc957e14a3d2050be0: 82f0c2f6fb618e31201f33b892f201b094eee1f2: in 
DEBUG: ran git checkout master in 
DEBUG: ran git reset --hard 82f0c2f6fb618e31201f33b892f201b094eee1f2 in 
DEBUG: ran clean --force -d . in 
DEBUG: ran git merge 78c78c06aeebaa7c42dc6ddc957e14a3d2050be0 in 
Merged SHA 78c78c06aeebaa7c42dc6ddc957e14a3d2050be0 with commit message 'chore: Promote sunday-daniel to version 0.0.3' into base branch master

Showing logs for build [32mmeta-danielma911-environment-li-f29rj-1[0m stage [32mmeta-pipeline[0m and container [32mstep-merge-pull-refs[0m
DEBUG: ran git fetch origin 78c78c06aeebaa7c42dc6ddc957e14a3d2050be0: 82f0c2f6fb618e31201f33b892f201b094eee1f2: in 
DEBUG: Unshallowed git repo in 
DEBUG: ran git checkout master in 
DEBUG: ran git reset --hard 82f0c2f6fb618e31201f33b892f201b094eee1f2 in 
DEBUG: ran clean --force -d . in 
DEBUG: ran git merge 78c78c06aeebaa7c42dc6ddc957e14a3d2050be0 in 
Merged SHA 78c78c06aeebaa7c42dc6ddc957e14a3d2050be0 with commit message 'chore: Promote sunday-daniel to version 0.0.3' into base branch master

Showing logs for build [32mmeta-danielma911-environment-li-f29rj-1[0m stage [32mmeta-pipeline[0m and container [32mstep-create-effective-pipeline[0m
Deleting and cloning the Jenkins X versions repo
Cloning the Jenkins X versions repo https://github.com/jenkins-x/jenkins-x-versions.git with ref refs/heads/master to /builder/home/.**/jenkins-x-versions
selected pack: /builder/home/.**/draft/packs/github.com/jenkins-x-buildpacks/jenkins-x-kubernetes/packs/environment
Effective pipeline written to jenkins-x-promotion-build-effective.yml

Showing logs for build [32mmeta-danielma911-environment-li-f29rj-1[0m stage [32mmeta-pipeline[0m and container [32mstep-create-tekton-crds[0m
PipelineActivity for ***********-environment-lighterspectrum-staging-PR-3-1
Applying changes 
upserted PipelineResource ***********-environment-lighter for the git repository https://github.com/***********/environment-lighterspectrum-staging.git
upserted Task ***********-environment-lighter-qt9mj-from-build-pack-1
upserted Pipeline ***********-environment-lighter-qt9mj-1
created PipelineRun ***********-environment-lighter-qt9mj-1
created PipelineStructure ***********-environment-lighter-qt9mj-1

waiting for stage [32mfrom-build-pack[0m : container [32mstep-credential-initializer-95vrp[0m to start...


Showing logs for build [32mmeta-danielma911-environment-li-f29rj-1[0m stage [32mfrom-build-pack[0m and container [32mstep-credential-initializer-95vrp[0m
{"level":"warn","ts":1567332697.3356774,"logger":"fallback-logger","caller":"logging/config.go:69","msg":"Fetch GitHub commit ID from kodata failed: \"ref: refs/heads/master\" is not a valid GitHub commit ID"}
{"level":"info","ts":1567332697.3361847,"logger":"fallback-logger","caller":"creds-init/main.go:40","msg":"Credentials initialized."}

waiting for stage [32mfrom-build-pack[0m : container [32mstep-working-dir-initializer-9x8nt[0m to start...


Showing logs for build [32mmeta-danielma911-environment-li-f29rj-1[0m stage [32mfrom-build-pack[0m and container [32mstep-working-dir-initializer-9x8nt[0m
{"level":"warn","ts":1567332698.298783,"logger":"fallback-logger","caller":"logging/config.go:69","msg":"Fetch GitHub commit ID from kodata failed: open /var/run/ko/HEAD: no such file or directory"}
{"level":"info","ts":1567332698.3003438,"logger":"fallback-logger","caller":"bash/main.go:65","msg":"Successfully executed command \"mkdir -p /workspace/source /workspace/source/env\""}

waiting for stage [32mfrom-build-pack[0m : container [32mstep-place-tools[0m to start...


Showing logs for build [32mmeta-danielma911-environment-li-f29rj-1[0m stage [32mfrom-build-pack[0m and container [32mstep-place-tools[0m

waiting for stage [32mfrom-build-pack[0m : container [32mstep-git-source-danielma911-environment-lighter-smd45[0m to start...


Showing logs for build [32mmeta-danielma911-environment-li-f29rj-1[0m stage [32mfrom-build-pack[0m and container [32mstep-git-source-danielma911-environment-lighter-smd45[0m
{"level":"warn","ts":1567332703.3943038,"logger":"fallback-logger","caller":"logging/config.go:69","msg":"Fetch GitHub commit ID from kodata failed: \"ref: refs/heads/master\" is not a valid GitHub commit ID"}
{"level":"info","ts":1567332704.00344,"logger":"fallback-logger","caller":"git/git.go:102","msg":"Successfully cloned https://github.com/***********/environment-lighterspectrum-staging.git @ master in path /workspace/source"}

waiting for stage [32mfrom-build-pack[0m : container [32mstep-git-merge[0m to start...


Showing logs for build [32mmeta-danielma911-environment-li-f29rj-1[0m stage [32mfrom-build-pack[0m and container [32mstep-git-merge[0m
Using SHAs from PULL_REFS=master:82f0c2f6fb618e31201f33b892f201b094eee1f2,3:78c78c06aeebaa7c42dc6ddc957e14a3d2050be0
DEBUG: ran git fetch --unshallow origin 78c78c06aeebaa7c42dc6ddc957e14a3d2050be0: 82f0c2f6fb618e31201f33b892f201b094eee1f2: in 
DEBUG: ran git checkout master in 
DEBUG: ran git reset --hard 82f0c2f6fb618e31201f33b892f201b094eee1f2 in 
DEBUG: ran clean --force -d . in 
DEBUG: ran git merge 78c78c06aeebaa7c42dc6ddc957e14a3d2050be0 in 
Merged SHA 78c78c06aeebaa7c42dc6ddc957e14a3d2050be0 with commit message 'chore: Promote sunday-daniel to version 0.0.3' into base branch master

waiting for stage [32mfrom-build-pack[0m : container [32mstep-build-helm-build[0m to start...


Showing logs for build [32mmeta-danielma911-environment-li-f29rj-1[0m stage [32mfrom-build-pack[0m and container [32mstep-build-helm-build[0m
WARNING: No $CHART_REPOSITORY defined so using the default value of: http://jenkins-x-chartmuseum:8080
Adding missing Helm repo: storage.googleapis.com https://storage.googleapis.com/chartmuseum.jenkins-x.io
Successfully added Helm repository storage.googleapis.com.
Adding missing Helm repo: jenkins-x-chartmuseum http://jenkins-x-chartmuseum:8080
Successfully added Helm repository jenkins-x-chartmuseum.
WARNING: No $CHART_REPOSITORY defined so using the default value of: http://jenkins-x-chartmuseum:8080
Adding missing Helm repo: chartmuseum.jenkins-x.io http://chartmuseum.jenkins-x.io
Successfully added Helm repository chartmuseum.jenkins-x.io.
